<?xml version="1.0" encoding="UTF-8"?>
<testsuite name="JUnit Vintage" tests="0" skipped="0" failures="0" errors="0" time="0" hostname="Kazus-MacBook-Air-3.local" timestamp="2025-02-04T12:10:54">
<properties>
<property name="file.encoding" value="UTF-8"/>
<property name="file.separator" value="/"/>
<property name="ftp.nonProxyHosts" value="local|*.local|169.254/16|*.169.254/16"/>
<property name="http.nonProxyHosts" value="local|*.local|169.254/16|*.169.254/16"/>
<property name="java.class.path" value="lib/junit-platform-console-standalone-1.11.4.jar"/>
<property name="java.class.version" value="61.0"/>
<property name="java.home" value="/Library/Java/JavaVirtualMachines/zulu-17.jdk/Contents/Home"/>
<property name="java.io.tmpdir" value="/var/folders/1_/k7dfsx2n4_g4nh2vrgb3s1w40000gn/T/"/>
<property name="java.library.path" value="/Users/kazushimotake/Library/Java/Extensions:/Library/Java/Extensions:/Network/Library/Java/Extensions:/System/Library/Java/Extensions:/usr/lib/java:."/>
<property name="java.runtime.name" value="OpenJDK Runtime Environment"/>
<property name="java.runtime.version" value="17.0.1+12-LTS"/>
<property name="java.specification.name" value="Java Platform API Specification"/>
<property name="java.specification.vendor" value="Oracle Corporation"/>
<property name="java.specification.version" value="17"/>
<property name="java.vendor" value="Azul Systems, Inc."/>
<property name="java.vendor.url" value="http://www.azul.com/"/>
<property name="java.vendor.url.bug" value="http://www.azul.com/support/"/>
<property name="java.vendor.version" value="Zulu17.30+15-CA"/>
<property name="java.version" value="17.0.1"/>
<property name="java.version.date" value="2021-10-19"/>
<property name="java.vm.compressedOopsMode" value="Zero based"/>
<property name="java.vm.info" value="mixed mode, sharing"/>
<property name="java.vm.name" value="OpenJDK 64-Bit Server VM"/>
<property name="java.vm.specification.name" value="Java Virtual Machine Specification"/>
<property name="java.vm.specification.vendor" value="Oracle Corporation"/>
<property name="java.vm.specification.version" value="17"/>
<property name="java.vm.vendor" value="Azul Systems, Inc."/>
<property name="java.vm.version" value="17.0.1+12-LTS"/>
<property name="jdk.debug" value="release"/>
<property name="junit.docs.version" value="1.11.4"/>
<property name="line.separator" value="&#10;"/>
<property name="native.encoding" value="UTF-8"/>
<property name="os.arch" value="aarch64"/>
<property name="os.name" value="Mac OS X"/>
<property name="os.version" value="15.2"/>
<property name="path.separator" value=":"/>
<property name="socksNonProxyHosts" value="local|*.local|169.254/16|*.169.254/16"/>
<property name="sun.arch.data.model" value="64"/>
<property name="sun.boot.library.path" value="/Library/Java/JavaVirtualMachines/zulu-17.jdk/Contents/Home/lib"/>
<property name="sun.cpu.endian" value="little"/>
<property name="sun.io.unicode.encoding" value="UnicodeBig"/>
<property name="sun.java.command" value="lib/junit-platform-console-standalone-1.11.4.jar execute --class-path ./out/ --scan-class-path --reports-dir=results"/>
<property name="sun.java.launcher" value="SUN_STANDARD"/>
<property name="sun.jnu.encoding" value="UTF-8"/>
<property name="sun.management.compiler" value="HotSpot 64-Bit Tiered Compilers"/>
<property name="sun.stderr.encoding" value="UTF-8"/>
<property name="sun.stdout.encoding" value="UTF-8"/>
<property name="user.country" value="US"/>
<property name="user.dir" value="/Users/kazushimotake/capstone/CCGraderBot"/>
<property name="user.home" value="/Users/kazushimotake"/>
<property name="user.language" value="en"/>
<property name="user.name" value="kazushimotake"/>
<property name="user.timezone" value="America/Denver"/>
</properties>
<system-out><![CDATA[
unique-id: [engine:junit-vintage]
display-name: JUnit Vintage
]]></system-out>
</testsuite>
